ptr-lib/build/outputs/logs/manifest-merger-release-report.txt
-- Merging decision tree log ---
manifest
ADDED from znrq-master\ptr-lib\AndroidManifest.xml:2:1-8:12
INJECTED from znrq-master\ptr-lib\AndroidManifest.xml:2:1-8:12
INJECTED from znrq-master\ptr-lib\AndroidManifest.xml:2:1-8:12
INJECTED from znrq-master\ptr-lib\AndroidManifest.xml:2:1-8:12
INJECTED from znrq-master\ptr-lib\AndroidManifest.xml:2:1-8:12
INJECTED from znrq-master\ptr-lib\AndroidManifest.xml:2:1-8:12
INJECTED from znrq-master\ptr-lib\AndroidManifest.xml:2:1-8:12
	package
		ADDED from znrq-master\ptr-lib\AndroidManifest.xml:3:5-38
		INJECTED from znrq-master\ptr-lib\AndroidManifest.xml
		INJECTED from znrq-master\ptr-lib\AndroidManifest.xml
	android:versionName
		ADDED from znrq-master\ptr-lib\AndroidManifest.xml:5:5-30
		INJECTED from znrq-master\ptr-lib\AndroidManifest.xml
		INJECTED from znrq-master\ptr-lib\AndroidManifest.xml
	xmlns:android
		ADDED from znrq-master\ptr-lib\AndroidManifest.xml:2:11-69
	android:versionCode
		ADDED from znrq-master\ptr-lib\AndroidManifest.xml:4:5-28
		INJECTED from znrq-master\ptr-lib\AndroidManifest.xml
		INJECTED from znrq-master\ptr-lib\AndroidManifest.xml
application
ADDED from znrq-master\ptr-lib\AndroidManifest.xml:7:5-20
uses-sdk
INJECTED from znrq-master\ptr-lib\AndroidManifest.xml reason: use-sdk injection requested
INJECTED from znrq-master\ptr-lib\AndroidManifest.xml
INJECTED from znrq-master\ptr-lib\AndroidManifest.xml
INJECTED from znrq-master\ptr-lib\AndroidManifest.xml
INJECTED from znrq-master\ptr-lib\AndroidManifest.xml
	android:targetSdkVersion
		INJECTED from znrq-master\ptr-lib\AndroidManifest.xml
		ADDED from znrq-master\ptr-lib\AndroidManifest.xml
		INJECTED from znrq-master\ptr-lib\AndroidManifest.xml
	android:minSdkVersion
		INJECTED from znrq-master\ptr-lib\AndroidManifest.xml
		ADDED from znrq-master\ptr-lib\AndroidManifest.xml
		INJECTED from znrq-master\ptr-lib\AndroidManifest.xml